#
# There is insufficient memory for the Java Runtime Environment to continue.
# Native memory allocation (malloc) failed to allocate 210239488 bytes for committing reserved memory.
# Possible reasons:
#   The system is out of physical RAM or swap space
#   In 32 bit mode, the process size limit was hit
# Possible solutions:
#   Reduce memory load on the system
#   Increase physical memory or swap space
#   Check if swap backing store is full
#   Use 64 bit Java on a 64 bit OS
#   Decrease Java heap size (-Xmx/-Xms)
#   Decrease number of Java threads
#   Decrease Java thread stack sizes (-Xss)
#   Set larger code cache with -XX:ReservedCodeCacheSize=
# This output file may be truncated or incomplete.
#
#  Out of Memory Error (os_linux.cpp:2809), pid=4539, tid=139662693353216
#
# JRE version: OpenJDK Runtime Environment (7.0_79-b14) (build 1.7.0_79-b14)
# Java VM: OpenJDK 64-Bit Server VM (24.79-b02 mixed mode linux-amd64 compressed oops)
# Derivative: IcedTea 2.5.5
# Distribution: Ubuntu Vivid Vervet (development branch), package 7u79-2.5.5-0ubuntu1
# Failed to write core dump. Core dumps have been disabled. To enable core dumping, try "ulimit -c unlimited" before starting Java again
#

---------------  T H R E A D  ---------------

Current thread (0x00007f05b800c000):  JavaThread "main" [_thread_in_vm, id=4546, stack(0x00007f05c129c000,0x00007f05c139d000)]

Stack: [0x00007f05c129c000,0x00007f05c139d000],  sp=0x00007f05c139b2b0,  free space=1020k
Native frames: (J=compiled Java code, j=interpreted, Vv=VM code, C=native code)
V  [libjvm.so+0x98a0f6]  VMError::report_and_die()+0x186
V  [libjvm.so+0x48f8e2]  report_vm_out_of_memory(char const*, int, unsigned long, char const*)+0x92
V  [libjvm.so+0x7fd51b]  os::pd_commit_memory(char*, unsigned long, unsigned long, bool)+0xeb
V  [libjvm.so+0x7f7bfe]  os::commit_memory(char*, unsigned long, unsigned long, bool)+0x2e
V  [libjvm.so+0x86a51b]  PSVirtualSpace::expand_by(unsigned long)+0x5b
V  [libjvm.so+0x858d0a]  PSOldGen::expand_by(unsigned long) [clone .part.29]+0x2a
V  [libjvm.so+0x858ec0]  PSOldGen::expand(unsigned long) [clone .part.30]+0xc0
V  [libjvm.so+0x859788]  PSOldGen::allocate(unsigned long)+0xd8
V  [libjvm.so+0x81f402]  ParallelScavengeHeap::mem_allocate(unsigned long, bool*)+0x112
V  [libjvm.so+0x94e521]  typeArrayKlass::allocate_common(int, bool, Thread*)+0xe1
V  [libjvm.so+0x5ef906]  InterpreterRuntime::newarray(JavaThread*, BasicType, int)+0x26
j  java.nio.HeapCharBuffer.<init>(II)V+6
j  java.nio.CharBuffer.allocate(I)Ljava/nio/CharBuffer;+18
j  serendio.dataset.mail.mbox.MboxIterator.<init>(Ljava/io/File;Ljava/nio/charset/Charset;Ljava/lang/String;II)V+46
j  serendio.dataset.mail.mbox.MboxIterator.<init>(Ljava/io/File;Ljava/nio/charset/Charset;Ljava/lang/String;IILserendio/dataset/mail/mbox/MboxIterator;)V+8
j  serendio.dataset.mail.mbox.MboxIterator$Builder.build()Lserendio/dataset/mail/mbox/MboxIterator;+25
j  serendio.dataset.mail.mbox.MboxToNeo4j.mBox_Iterator(Ljava/lang/String;)V+51
j  serendio.application.ApplicationRunner.main([Ljava/lang/String;)V+22
v  ~StubRoutines::call_stub
V  [libjvm.so+0x5fda84]  JavaCalls::call_helper(JavaValue*, methodHandle*, JavaCallArguments*, Thread*)+0x354
V  [libjvm.so+0x5fd4f8]  JavaCalls::call(JavaValue*, methodHandle, JavaCallArguments*, Thread*)+0x28
V  [libjvm.so+0x60cce6]  jni_invoke_static(JNIEnv_*, JavaValue*, _jobject*, JNICallType, _jmethodID*, JNI_ArgumentPusher*, Thread*) [clone .isra.61]+0x286
V  [libjvm.so+0x620199]  jni_CallStaticVoidMethod+0x109
C  [libjli.so+0x33c3]

Java frames: (J=compiled Java code, j=interpreted, Vv=VM code)
j  java.nio.HeapCharBuffer.<init>(II)V+6
j  java.nio.CharBuffer.allocate(I)Ljava/nio/CharBuffer;+18
j  serendio.dataset.mail.mbox.MboxIterator.<init>(Ljava/io/File;Ljava/nio/charset/Charset;Ljava/lang/String;II)V+46
j  serendio.dataset.mail.mbox.MboxIterator.<init>(Ljava/io/File;Ljava/nio/charset/Charset;Ljava/lang/String;IILserendio/dataset/mail/mbox/MboxIterator;)V+8
j  serendio.dataset.mail.mbox.MboxIterator$Builder.build()Lserendio/dataset/mail/mbox/MboxIterator;+25
j  serendio.dataset.mail.mbox.MboxToNeo4j.mBox_Iterator(Ljava/lang/String;)V+51
j  serendio.application.ApplicationRunner.main([Ljava/lang/String;)V+22
v  ~StubRoutines::call_stub

---------------  P R O C E S S  ---------------

Java Threads: ( => current thread )
  0x00007f05b89b9000 JavaThread "GC-Monitor" daemon [_thread_blocked, id=4723, stack(0x00007f05a6c40000,0x00007f05a6d41000)]
  0x00007f0568013800 JavaThread "Scheduled Neo4j EmbeddedGraphDatabase [/home/nishant/Software/neo4j-community-2.2.1/data/graph1.db]-2" daemon [_thread_blocked, id=4715, stack(0x00007f05a6e42000,0x00007f05a6f43000)]
  0x00007f05b869e000 JavaThread "Scheduled Neo4j EmbeddedGraphDatabase [/home/nishant/Software/neo4j-community-2.2.1/data/graph1.db]-1" daemon [_thread_blocked, id=4714, stack(0x00007f05a6d41000,0x00007f05a6e42000)]
  0x00007f05b85d6000 JavaThread "MuninnPageCache[1]-FlushTask" daemon [_thread_blocked, id=4567, stack(0x00007f05a6f43000,0x00007f05a7044000)]
  0x00007f05b85d0000 JavaThread "MuninnPageCache[1]-EvictionTask" daemon [_thread_blocked, id=4566, stack(0x00007f05a7044000,0x00007f05a7145000)]
  0x00007f05b83a7000 JavaThread "Neo4j UDC Timer" daemon [_thread_blocked, id=4561, stack(0x00007f05a7145000,0x00007f05a7246000)]
  0x00007f05b838f800 JavaThread "Service Thread" daemon [_thread_blocked, id=4559, stack(0x00007f05ad06b000,0x00007f05ad16c000)]
  0x00007f05b8386000 JavaThread "C2 CompilerThread1" daemon [_thread_blocked, id=4558, stack(0x00007f05ad16c000,0x00007f05ad26d000)]
  0x00007f05b8384000 JavaThread "C2 CompilerThread0" daemon [_thread_blocked, id=4557, stack(0x00007f05ad26d000,0x00007f05ad36e000)]
  0x00007f05b8170000 JavaThread "Signal Dispatcher" daemon [_thread_blocked, id=4554, stack(0x00007f05b451a000,0x00007f05b461b000)]
  0x00007f05b8145000 JavaThread "Finalizer" daemon [_thread_blocked, id=4553, stack(0x00007f05b4cfd000,0x00007f05b4dfe000)]
  0x00007f05b8143000 JavaThread "Reference Handler" daemon [_thread_blocked, id=4552, stack(0x00007f05b4dfe000,0x00007f05b4eff000)]
=>0x00007f05b800c000 JavaThread "main" [_thread_in_vm, id=4546, stack(0x00007f05c129c000,0x00007f05c139d000)]

Other Threads:
  0x00007f05b813e800 VMThread [stack: 0x00007f05b4eff000,0x00007f05b5000000] [id=4551]
  0x00007f05b83a2000 WatcherThread [stack: 0x00007f05acf6a000,0x00007f05ad06b000] [id=4560]

VM state:not at safepoint (normal execution)

VM Mutex/Monitor currently owned by a thread:  ([mutex/lock_event])
[0x00007f05b8007fb0] ExpandHeap_lock - owner thread: 0x00007f05b800c000
[0x00007f05b8008b30] Heap_lock - owner thread: 0x00007f05b800c000

Heap
 PSYoungGen      total 74752K, used 20784K [0x00000000ec000000, 0x00000000f1800000, 0x0000000100000000)
  eden space 61440K, 21% used [0x00000000ec000000,0x00000000eccee368,0x00000000efc00000)
  from space 13312K, 56% used [0x00000000f0b00000,0x00000000f125df10,0x00000000f1800000)
  to   space 14336K, 0% used [0x00000000efc00000,0x00000000efc00000,0x00000000f0a00000)
 ParOldGen       total 40960K, used 26963K [0x00000000c4000000, 0x00000000c6800000, 0x00000000ec000000)
  object space 40960K, 65% used [0x00000000c4000000,0x00000000c5a54f20,0x00000000c6800000)
 PSPermGen       total 22016K, used 21554K [0x00000000b9a00000, 0x00000000baf80000, 0x00000000c4000000)
  object space 22016K, 97% used [0x00000000b9a00000,0x00000000baf0cbc0,0x00000000baf80000)

Card table byte_map: [0x00007f05bda4d000,0x00007f05bdc81000] byte_map_base: 0x00007f05bd480000

Polling page: 0x00007f05c13c1000

Code Cache  [0x00007f05b5000000, 0x00007f05b5270000, 0x00007f05b8000000)
 total_blobs=549 nmethods=183 adapters=318 free_code_cache=48356Kb largest_free_block=49501312

Compilation events (10 events):
Event: 99.133 Thread 0x00007f05b8384000  178             java.lang.AbstractStringBuilder::append (29 bytes)
Event: 99.143 Thread 0x00007f05b8384000 nmethod 178 0x00007f05b50c4050 code [0x00007f05b50c41a0, 0x00007f05b50c44b8]
Event: 99.224 Thread 0x00007f05b8386000  179             java.util.regex.Matcher::reset (83 bytes)
Event: 99.228 Thread 0x00007f05b8386000 nmethod 179 0x00007f05b50c3c50 code [0x00007f05b50c3da0, 0x00007f05b50c3ef8]
Event: 99.270 Thread 0x00007f05b8384000  182  s          sun.misc.PerfCounter::add (18 bytes)
Event: 99.270 Thread 0x00007f05b8386000  183  s          sun.misc.PerfCounter::get (9 bytes)
Event: 99.274 Thread 0x00007f05b8386000 nmethod 183 0x00007f05b50c2c10 code [0x00007f05b50c2d60, 0x00007f05b50c2f98]
Event: 99.277 Thread 0x00007f05b8384000 nmethod 182 0x00007f05b50c26d0 code [0x00007f05b50c2820, 0x00007f05b50c2a78]
Event: 99.309 Thread 0x00007f05b8386000  184             java.util.BitSet::checkInvariants (111 bytes)
Event: 99.309 Thread 0x00007f05b8386000 nmethod 184 0x00007f05b50c9450 code [0x00007f05b50c9580, 0x00007f05b50c95d8]

GC Heap History (10 events):
Event: 4.563 GC heap before
{Heap before GC invocations=2 (full 0):
 PSYoungGen      total 17920K, used 17397K [0x00000000ec000000, 0x00000000ed400000, 0x0000000100000000)
  eden space 15360K, 100% used [0x00000000ec000000,0x00000000ecf00000,0x00000000ecf00000)
  from space 2560K, 79% used [0x00000000ecf00000,0x00000000ed0fd760,0x00000000ed180000)
  to   space 2560K, 0% used [0x00000000ed180000,0x00000000ed180000,0x00000000ed400000)
 ParOldGen       total 40960K, used 8K [0x00000000c4000000, 0x00000000c6800000, 0x00000000ec000000)
  object space 40960K, 0% used [0x00000000c4000000,0x00000000c4002000,0x00000000c6800000)
 PSPermGen       total 21504K, used 5594K [0x00000000b9a00000, 0x00000000baf00000, 0x00000000c4000000)
  object space 21504K, 26% used [0x00000000b9a00000,0x00000000b9f76b00,0x00000000baf00000)
Event: 4.752 GC heap after
Heap after GC invocations=2 (full 0):
 PSYoungGen      total 17920K, used 2558K [0x00000000ec000000, 0x00000000ee300000, 0x0000000100000000)
  eden space 15360K, 0% used [0x00000000ec000000,0x00000000ec000000,0x00000000ecf00000)
  from space 2560K, 99% used [0x00000000ed180000,0x00000000ed3ff988,0x00000000ed400000)
  to   space 2560K, 0% used [0x00000000ecf00000,0x00000000ecf00000,0x00000000ed180000)
 ParOldGen       total 40960K, used 13616K [0x00000000c4000000, 0x00000000c6800000, 0x00000000ec000000)
  object space 40960K, 33% used [0x00000000c4000000,0x00000000c4d4c2c8,0x00000000c6800000)
 PSPermGen       total 21504K, used 5594K [0x00000000b9a00000, 0x00000000baf00000, 0x00000000c4000000)
  object space 21504K, 26% used [0x00000000b9a00000,0x00000000b9f76b00,0x00000000baf00000)
}
Event: 6.648 GC heap before
{Heap before GC invocations=3 (full 0):
 PSYoungGen      total 17920K, used 17918K [0x00000000ec000000, 0x00000000ee300000, 0x0000000100000000)
  eden space 15360K, 100% used [0x00000000ec000000,0x00000000ecf00000,0x00000000ecf00000)
  from space 2560K, 99% used [0x00000000ed180000,0x00000000ed3ff988,0x00000000ed400000)
  to   space 2560K, 0% used [0x00000000ecf00000,0x00000000ecf00000,0x00000000ed180000)
 ParOldGen       total 40960K, used 13616K [0x00000000c4000000, 0x00000000c6800000, 0x00000000ec000000)
  object space 40960K, 33% used [0x00000000c4000000,0x00000000c4d4c2c8,0x00000000c6800000)
 PSPermGen       total 21504K, used 7804K [0x00000000b9a00000, 0x00000000baf00000, 0x00000000c4000000)
  object space 21504K, 36% used [0x00000000b9a00000,0x00000000ba19f160,0x00000000baf00000)
Event: 6.670 GC heap after
Heap after GC invocations=3 (full 0):
 PSYoungGen      total 17920K, used 2559K [0x00000000ec000000, 0x00000000ee300000, 0x0000000100000000)
  eden space 15360K, 0% used [0x00000000ec000000,0x00000000ec000000,0x00000000ecf00000)
  from space 2560K, 99% used [0x00000000ecf00000,0x00000000ed17fc50,0x00000000ed180000)
  to   space 2560K, 0% used [0x00000000ee080000,0x00000000ee080000,0x00000000ee300000)
 ParOldGen       total 40960K, used 20866K [0x00000000c4000000, 0x00000000c6800000, 0x00000000ec000000)
  object space 40960K, 50% used [0x00000000c4000000,0x00000000c54608b8,0x00000000c6800000)
 PSPermGen       total 21504K, used 7804K [0x00000000b9a00000, 0x00000000baf00000, 0x00000000c4000000)
  object space 21504K, 36% used [0x00000000b9a00000,0x00000000ba19f160,0x00000000baf00000)
}
Event: 31.737 GC heap before
{Heap before GC invocations=4 (full 0):
 PSYoungGen      total 17920K, used 17919K [0x00000000ec000000, 0x00000000ee300000, 0x0000000100000000)
  eden space 15360K, 100% used [0x00000000ec000000,0x00000000ecf00000,0x00000000ecf00000)
  from space 2560K, 99% used [0x00000000ecf00000,0x00000000ed17fc50,0x00000000ed180000)
  to   space 2560K, 0% used [0x00000000ee080000,0x00000000ee080000,0x00000000ee300000)
 ParOldGen       total 40960K, used 20866K [0x00000000c4000000, 0x00000000c6800000, 0x00000000ec000000)
  object space 40960K, 50% used [0x00000000c4000000,0x00000000c54608b8,0x00000000c6800000)
 PSPermGen       total 21504K, used 11039K [0x00000000b9a00000, 0x00000000baf00000, 0x00000000c4000000)
  object space 21504K, 51% used [0x00000000b9a00000,0x00000000ba4c7eb0,0x00000000baf00000)
Event: 31.984 GC heap after
Heap after GC invocations=4 (full 0):
 PSYoungGen      total 33280K, used 2558K [0x00000000ec000000, 0x00000000ee300000, 0x0000000100000000)
  eden space 30720K, 0% used [0x00000000ec000000,0x00000000ec000000,0x00000000ede00000)
  from space 2560K, 99% used [0x00000000ee080000,0x00000000ee2ff9c8,0x00000000ee300000)
  to   space 2560K, 0% used [0x00000000ede00000,0x00000000ede00000,0x00000000ee080000)
 ParOldGen       total 40960K, used 22653K [0x00000000c4000000, 0x00000000c6800000, 0x00000000ec000000)
  object space 40960K, 55% used [0x00000000c4000000,0x00000000c561f780,0x00000000c6800000)
 PSPermGen       total 21504K, used 11039K [0x00000000b9a00000, 0x00000000baf00000, 0x00000000c4000000)
  object space 21504K, 51% used [0x00000000b9a00000,0x00000000ba4c7eb0,0x00000000baf00000)
}
Event: 91.655 GC heap before
{Heap before GC invocations=5 (full 0):
 PSYoungGen      total 33280K, used 33278K [0x00000000ec000000, 0x00000000ee300000, 0x0000000100000000)
  eden space 30720K, 100% used [0x00000000ec000000,0x00000000ede00000,0x00000000ede00000)
  from space 2560K, 99% used [0x00000000ee080000,0x00000000ee2ff9c8,0x00000000ee300000)
  to   space 2560K, 0% used [0x00000000ede00000,0x00000000ede00000,0x00000000ee080000)
 ParOldGen       total 40960K, used 22653K [0x00000000c4000000, 0x00000000c6800000, 0x00000000ec000000)
  object space 40960K, 55% used [0x00000000c4000000,0x00000000c561f780,0x00000000c6800000)
 PSPermGen       total 21504K, used 15202K [0x00000000b9a00000, 0x00000000baf00000, 0x00000000c4000000)
  object space 21504K, 70% used [0x00000000b9a00000,0x00000000ba8d8a20,0x00000000baf00000)
Event: 91.692 GC heap after
Heap after GC invocations=5 (full 0):
 PSYoungGen      total 33280K, used 2558K [0x00000000ec000000, 0x00000000f1a00000, 0x0000000100000000)
  eden space 30720K, 0% used [0x00000000ec000000,0x00000000ec000000,0x00000000ede00000)
  from space 2560K, 99% used [0x00000000ede00000,0x00000000ee07f968,0x00000000ee080000)
  to   space 15360K, 0% used [0x00000000f0b00000,0x00000000f0b00000,0x00000000f1a00000)
 ParOldGen       total 40960K, used 26963K [0x00000000c4000000, 0x00000000c6800000, 0x00000000ec000000)
  object space 40960K, 65% used [0x00000000c4000000,0x00000000c5a54f20,0x00000000c6800000)
 PSPermGen       total 21504K, used 15202K [0x00000000b9a00000, 0x00000000baf00000, 0x00000000c4000000)
  object space 21504K, 70% used [0x00000000b9a00000,0x00000000ba8d8a20,0x00000000baf00000)
}
Event: 98.589 GC heap before
{Heap before GC invocations=6 (full 0):
 PSYoungGen      total 33280K, used 33278K [0x00000000ec000000, 0x00000000f1a00000, 0x0000000100000000)
  eden space 30720K, 100% used [0x00000000ec000000,0x00000000ede00000,0x00000000ede00000)
  from space 2560K, 99% used [0x00000000ede00000,0x00000000ee07f968,0x00000000ee080000)
  to   space 15360K, 0% used [0x00000000f0b00000,0x00000000f0b00000,0x00000000f1a00000)
 ParOldGen       total 40960K, used 26963K [0x00000000c4000000, 0x00000000c6800000, 0x00000000ec000000)
  object space 40960K, 65% used [0x00000000c4000000,0x00000000c5a54f20,0x00000000c6800000)
 PSPermGen       total 21504K, used 20274K [0x00000000b9a00000, 0x00000000baf00000, 0x00000000c4000000)
  object space 21504K, 94% used [0x00000000b9a00000,0x00000000badcc920,0x00000000baf00000)
Event: 98.607 GC heap after
Heap after GC invocations=6 (full 0):
 PSYoungGen      total 74752K, used 7543K [0x00000000ec000000, 0x00000000f1800000, 0x0000000100000000)
  eden space 61440K, 0% used [0x00000000ec000000,0x00000000ec000000,0x00000000efc00000)
  from space 13312K, 56% used [0x00000000f0b00000,0x00000000f125df10,0x00000000f1800000)
  to   space 14336K, 0% used [0x00000000efc00000,0x00000000efc00000,0x00000000f0a00000)
 ParOldGen       total 40960K, used 26963K [0x00000000c4000000, 0x00000000c6800000, 0x00000000ec000000)
  object space 40960K, 65% used [0x00000000c4000000,0x00000000c5a54f20,0x00000000c6800000)
 PSPermGen       total 21504K, used 20274K [0x00000000b9a00000, 0x00000000baf00000, 0x00000000c4000000)
  object space 21504K, 94% used [0x00000000b9a00000,0x00000000badcc920,0x00000000baf00000)
}

Deoptimization events (8 events):
Event: 8.917 Thread 0x00007f05b800c000 Uncommon trap: reason=class_check action=maybe_recompile pc=0x00007f05b5092d48 method=java.util.Properties$LineReader.readLine()I @ 62
Event: 8.950 Thread 0x00007f05b800c000 Uncommon trap: reason=class_check action=maybe_recompile pc=0x00007f05b5092d48 method=java.util.Properties$LineReader.readLine()I @ 62
Event: 10.769 Thread 0x00007f05b800c000 Uncommon trap: reason=null_check action=make_not_entrant pc=0x00007f05b5063cd8 method=java.lang.String.equals(Ljava/lang/Object;)Z @ 8
Event: 16.848 Thread 0x00007f05b800c000 Uncommon trap: reason=unreached action=reinterpret pc=0x00007f05b507e210 method=java.util.zip.ZipCoder.encoder()Ljava/nio/charset/CharsetEncoder; @ 4
Event: 16.936 Thread 0x00007f05b800c000 Uncommon trap: reason=unreached action=reinterpret pc=0x00007f05b50774c8 method=java.util.zip.ZipCoder.encoder()Ljava/nio/charset/CharsetEncoder; @ 4
Event: 82.697 Thread 0x00007f05b800c000 Uncommon trap: reason=unreached action=reinterpret pc=0x00007f05b508af40 method=sun.misc.URLClassPath$JarLoader.ensureOpen()V @ 4
Event: 96.889 Thread 0x00007f05b800c000 Uncommon trap: reason=class_check action=maybe_recompile pc=0x00007f05b5092d48 method=java.util.Properties$LineReader.readLine()I @ 62
Event: 96.889 Thread 0x00007f05b800c000 Uncommon trap: reason=class_check action=maybe_recompile pc=0x00007f05b5092d48 method=java.util.Properties$LineReader.readLine()I @ 62

Internal exceptions (10 events):
Event: 99.397 Thread 0x00007f05b800c000 Threw 0x00000000ecb3cb30 at /build/buildd/openjdk-7-7u79-2.5.5/build/openjdk/hotspot/src/share/vm/prims/jvm.cpp:1284
Event: 99.398 Thread 0x00007f05b800c000 Threw 0x00000000ecb43370 at /build/buildd/openjdk-7-7u79-2.5.5/build/openjdk/hotspot/src/share/vm/prims/jvm.cpp:1284
Event: 99.398 Thread 0x00007f05b800c000 Threw 0x00000000ecb490c0 at /build/buildd/openjdk-7-7u79-2.5.5/build/openjdk/hotspot/src/share/vm/prims/jvm.cpp:1284
Event: 99.399 Thread 0x00007f05b800c000 Threw 0x00000000ecb4fb60 at /build/buildd/openjdk-7-7u79-2.5.5/build/openjdk/hotspot/src/share/vm/prims/jvm.cpp:1284
Event: 99.400 Thread 0x00007f05b800c000 Threw 0x00000000ecb57770 at /build/buildd/openjdk-7-7u79-2.5.5/build/openjdk/hotspot/src/share/vm/prims/jvm.cpp:1284
Event: 99.401 Thread 0x00007f05b800c000 Threw 0x00000000ecb5e0f8 at /build/buildd/openjdk-7-7u79-2.5.5/build/openjdk/hotspot/src/share/vm/prims/jvm.cpp:1284
Event: 99.401 Thread 0x00007f05b800c000 Threw 0x00000000ecb64a30 at /build/buildd/openjdk-7-7u79-2.5.5/build/openjdk/hotspot/src/share/vm/prims/jvm.cpp:1284
Event: 99.403 Thread 0x00007f05b800c000 Threw 0x00000000ecb6b180 at /build/buildd/openjdk-7-7u79-2.5.5/build/openjdk/hotspot/src/share/vm/prims/jvm.cpp:1284
Event: 99.403 Thread 0x00007f05b800c000 Threw 0x00000000ecb72888 at /build/buildd/openjdk-7-7u79-2.5.5/build/openjdk/hotspot/src/share/vm/prims/jvm.cpp:1284
Event: 99.439 Thread 0x00007f05b800c000 Threw 0x00000000ecb7b758 at /build/buildd/openjdk-7-7u79-2.5.5/build/openjdk/hotspot/src/share/vm/prims/jvm.cpp:1284

Events (10 events):
Event: 99.402 loading class 0x00007f05b84563a0
Event: 99.402 loading class 0x00007f05b84563a0 done
Event: 99.403 Executing VM operation: RevokeBias
Event: 99.403 Executing VM operation: RevokeBias done
Event: 99.403 loading class 0x00007f05b83a66d0
Event: 99.403 loading class 0x00007f05b83a66d0 done
Event: 99.423 loading class 0x00007f05b89bc0c0
Event: 99.439 loading class 0x00007f05b89bc0c0 done
Event: 99.439 loading class 0x00007f05b83a6790
Event: 99.439 loading class 0x00007f05b83a6790 done


Dynamic libraries:
00400000-00401000 r-xp 00000000 08:03 2759113                            /usr/lib/jvm/java-7-openjdk-amd64/jre/bin/java
00600000-00601000 r--p 00000000 08:03 2759113                            /usr/lib/jvm/java-7-openjdk-amd64/jre/bin/java
00601000-00602000 rw-p 00001000 08:03 2759113                            /usr/lib/jvm/java-7-openjdk-amd64/jre/bin/java
01139000-0115a000 rw-p 00000000 00:00 0                                  [heap]
b9a00000-baf80000 rw-p 00000000 00:00 0 
baf80000-c4000000 rw-p 00000000 00:00 0 
c4000000-c6800000 rw-p 00000000 00:00 0 
d3080000-ec000000 rw-p 00000000 00:00 0 
ec000000-f1800000 rw-p 00000000 00:00 0 
f1800000-f1a00000 ---p 00000000 00:00 0 
f1a00000-100000000 rw-p 00000000 00:00 0 
7f0560000000-7f0560021000 rw-p 00000000 00:00 0 
7f0560021000-7f0564000000 ---p 00000000 00:00 0 
7f0568000000-7f0568021000 rw-p 00000000 00:00 0 
7f0568021000-7f056c000000 ---p 00000000 00:00 0 
7f056c000000-7f056c021000 rw-p 00000000 00:00 0 
7f056c021000-7f0570000000 ---p 00000000 00:00 0 
7f0570000000-7f0570021000 rw-p 00000000 00:00 0 
7f0570021000-7f0574000000 ---p 00000000 00:00 0 
7f0574000000-7f0574021000 rw-p 00000000 00:00 0 
7f0574021000-7f0578000000 ---p 00000000 00:00 0 
7f0578000000-7f0578021000 rw-p 00000000 00:00 0 
7f0578021000-7f057c000000 ---p 00000000 00:00 0 
7f057c000000-7f057c021000 rw-p 00000000 00:00 0 
7f057c021000-7f0580000000 ---p 00000000 00:00 0 
7f0580000000-7f05802c9000 rw-p 00000000 00:00 0 
7f05802c9000-7f0584000000 ---p 00000000 00:00 0 
7f0584000000-7f0584021000 rw-p 00000000 00:00 0 
7f0584021000-7f0588000000 ---p 00000000 00:00 0 
7f0588000000-7f0588021000 rw-p 00000000 00:00 0 
7f0588021000-7f058c000000 ---p 00000000 00:00 0 
7f058c000000-7f058c4e7000 rw-p 00000000 00:00 0 
7f058c4e7000-7f0590000000 ---p 00000000 00:00 0 
7f0590000000-7f0590021000 rw-p 00000000 00:00 0 
7f0590021000-7f0594000000 ---p 00000000 00:00 0 
7f0594000000-7f0594021000 rw-p 00000000 00:00 0 
7f0594021000-7f0598000000 ---p 00000000 00:00 0 
7f0598000000-7f0598021000 rw-p 00000000 00:00 0 
7f0598021000-7f059c000000 ---p 00000000 00:00 0 
7f059c000000-7f059c021000 rw-p 00000000 00:00 0 
7f059c021000-7f05a0000000 ---p 00000000 00:00 0 
7f05a0000000-7f05a0021000 rw-p 00000000 00:00 0 
7f05a0021000-7f05a4000000 ---p 00000000 00:00 0 
7f05a6c40000-7f05a6c43000 ---p 00000000 00:00 0 
7f05a6c43000-7f05a6d41000 rw-p 00000000 00:00 0                          [stack:4723]
7f05a6d41000-7f05a6d44000 ---p 00000000 00:00 0 
7f05a6d44000-7f05a6e42000 rw-p 00000000 00:00 0                          [stack:4714]
7f05a6e42000-7f05a6e45000 ---p 00000000 00:00 0 
7f05a6e45000-7f05a6f43000 rw-p 00000000 00:00 0                          [stack:4715]
7f05a6f43000-7f05a6f46000 ---p 00000000 00:00 0 
7f05a6f46000-7f05a7044000 rw-p 00000000 00:00 0                          [stack:4567]
7f05a7044000-7f05a7047000 ---p 00000000 00:00 0 
7f05a7047000-7f05a7145000 rw-p 00000000 00:00 0                          [stack:4566]
7f05a7145000-7f05a7148000 ---p 00000000 00:00 0 
7f05a7148000-7f05a7547000 rw-p 00000000 00:00 0                          [stack:4561]
7f05a7547000-7f05a75b3000 r-xp 00000000 08:03 2101683                    /lib/x86_64-linux-gnu/libpcre.so.3.13.1
7f05a75b3000-7f05a77b2000 ---p 0006c000 08:03 2101683                    /lib/x86_64-linux-gnu/libpcre.so.3.13.1
7f05a77b2000-7f05a77b3000 r--p 0006b000 08:03 2101683                    /lib/x86_64-linux-gnu/libpcre.so.3.13.1
7f05a77b3000-7f05a77b4000 rw-p 0006c000 08:03 2101683                    /lib/x86_64-linux-gnu/libpcre.so.3.13.1
7f05a77b4000-7f05a77bb000 r-xp 00000000 08:03 2499508                    /usr/lib/x86_64-linux-gnu/libffi.so.6.0.4
7f05a77bb000-7f05a79ba000 ---p 00007000 08:03 2499508                    /usr/lib/x86_64-linux-gnu/libffi.so.6.0.4
7f05a79ba000-7f05a79bb000 r--p 00006000 08:03 2499508                    /usr/lib/x86_64-linux-gnu/libffi.so.6.0.4
7f05a79bb000-7f05a79bc000 rw-p 00007000 08:03 2499508                    /usr/lib/x86_64-linux-gnu/libffi.so.6.0.4
7f05a79bc000-7f05a79d3000 r-xp 00000000 08:03 2101706                    /lib/x86_64-linux-gnu/libresolv-2.21.so
7f05a79d3000-7f05a7bd3000 ---p 00017000 08:03 2101706                    /lib/x86_64-linux-gnu/libresolv-2.21.so
7f05a7bd3000-7f05a7bd5000 r--p 00017000 08:03 2101706                    /lib/x86_64-linux-gnu/libresolv-2.21.so
7f05a7bd5000-7f05a7bd6000 rw-p 00019000 08:03 2101706                    /lib/x86_64-linux-gnu/libresolv-2.21.so
7f05a7bd6000-7f05a7bd8000 rw-p 00000000 00:00 0 
7f05a7bd8000-7f05a7bf9000 r-xp 00000000 08:03 2101710                    /lib/x86_64-linux-gnu/libselinux.so.1
7f05a7bf9000-7f05a7df8000 ---p 00021000 08:03 2101710                    /lib/x86_64-linux-gnu/libselinux.so.1
7f05a7df8000-7f05a7df9000 r--p 00020000 08:03 2101710                    /lib/x86_64-linux-gnu/libselinux.so.1
7f05a7df9000-7f05a7dfa000 rw-p 00021000 08:03 2101710                    /lib/x86_64-linux-gnu/libselinux.so.1
7f05a7dfa000-7f05a7dfc000 rw-p 00000000 00:00 0 
7f05a7dfc000-7f05a7dff000 r-xp 00000000 08:03 2490791                    /usr/lib/x86_64-linux-gnu/libgmodule-2.0.so.0.4400.1
7f05a7dff000-7f05a7ffe000 ---p 00003000 08:03 2490791                    /usr/lib/x86_64-linux-gnu/libgmodule-2.0.so.0.4400.1
7f05a7ffe000-7f05a7fff000 r--p 00002000 08:03 2490791                    /usr/lib/x86_64-linux-gnu/libgmodule-2.0.so.0.4400.1
7f05a7fff000-7f05a8000000 rw-p 00003000 08:03 2490791                    /usr/lib/x86_64-linux-gnu/libgmodule-2.0.so.0.4400.1
7f05a8000000-7f05a8021000 rw-p 00000000 00:00 0 
7f05a8021000-7f05ac000000 ---p 00000000 00:00 0 
7f05ac056000-7f05ac163000 r-xp 00000000 08:03 2097325                    /lib/x86_64-linux-gnu/libglib-2.0.so.0.4400.1
7f05ac163000-7f05ac362000 ---p 0010d000 08:03 2097325                    /lib/x86_64-linux-gnu/libglib-2.0.so.0.4400.1
7f05ac362000-7f05ac363000 r--p 0010c000 08:03 2097325                    /lib/x86_64-linux-gnu/libglib-2.0.so.0.4400.1
7f05ac363000-7f05ac364000 rw-p 0010d000 08:03 2097325                    /lib/x86_64-linux-gnu/libglib-2.0.so.0.4400.1
7f05ac364000-7f05ac365000 rw-p 00000000 00:00 0 
7f05ac365000-7f05ac3b5000 r-xp 00000000 08:03 2490751                    /usr/lib/x86_64-linux-gnu/libgobject-2.0.so.0.4400.1
7f05ac3b5000-7f05ac5b5000 ---p 00050000 08:03 2490751                    /usr/lib/x86_64-linux-gnu/libgobject-2.0.so.0.4400.1
7f05ac5b5000-7f05ac5b6000 r--p 00050000 08:03 2490751                    /usr/lib/x86_64-linux-gnu/libgobject-2.0.so.0.4400.1
7f05ac5b6000-7f05ac5b7000 rw-p 00051000 08:03 2490751                    /usr/lib/x86_64-linux-gnu/libgobject-2.0.so.0.4400.1
7f05ac5b7000-7f05ac72f000 r-xp 00000000 08:03 2490773                    /usr/lib/x86_64-linux-gnu/libgio-2.0.so.0.4400.1
7f05ac72f000-7f05ac92f000 ---p 00178000 08:03 2490773                    /usr/lib/x86_64-linux-gnu/libgio-2.0.so.0.4400.1
7f05ac92f000-7f05ac933000 r--p 00178000 08:03 2490773                    /usr/lib/x86_64-linux-gnu/libgio-2.0.so.0.4400.1
7f05ac933000-7f05ac935000 rw-p 0017c000 08:03 2490773                    /usr/lib/x86_64-linux-gnu/libgio-2.0.so.0.4400.1
7f05ac935000-7f05ac937000 rw-p 00000000 00:00 0 
7f05ac937000-7f05ac94e000 r-xp 00000000 08:03 2759085                    /usr/lib/jvm/java-7-openjdk-amd64/jre/lib/amd64/libnet.so
7f05ac94e000-7f05acb4d000 ---p 00017000 08:03 2759085                    /usr/lib/jvm/java-7-openjdk-amd64/jre/lib/amd64/libnet.so
7f05acb4d000-7f05acb4e000 r--p 00016000 08:03 2759085                    /usr/lib/jvm/java-7-openjdk-amd64/jre/lib/amd64/libnet.so
7f05acb4e000-7f05acb4f000 rw-p 00017000 08:03 2759085                    /usr/lib/jvm/java-7-openjdk-amd64/jre/lib/amd64/libnet.so
7f05acb4f000-7f05acb60000 r-xp 00000000 08:03 2759073                    /usr/lib/jvm/java-7-openjdk-amd64/jre/lib/amd64/libnio.so
7f05acb60000-7f05acd5f000 ---p 00011000 08:03 2759073                    /usr/lib/jvm/java-7-openjdk-amd64/jre/lib/amd64/libnio.so
7f05acd5f000-7f05acd60000 r--p 00010000 08:03 2759073                    /usr/lib/jvm/java-7-openjdk-amd64/jre/lib/amd64/libnio.so
7f05acd60000-7f05acd61000 rw-p 00011000 08:03 2759073                    /usr/lib/jvm/java-7-openjdk-amd64/jre/lib/amd64/libnio.so
7f05acd61000-7f05acd69000 r-xp 00000000 08:03 2759077                    /usr/lib/jvm/java-7-openjdk-amd64/jre/lib/amd64/libmanagement.so
7f05acd69000-7f05acf68000 ---p 00008000 08:03 2759077                    /usr/lib/jvm/java-7-openjdk-amd64/jre/lib/amd64/libmanagement.so
7f05acf68000-7f05acf69000 r--p 00007000 08:03 2759077                    /usr/lib/jvm/java-7-openjdk-amd64/jre/lib/amd64/libmanagement.so
7f05acf69000-7f05acf6a000 rw-p 00008000 08:03 2759077                    /usr/lib/jvm/java-7-openjdk-amd64/jre/lib/amd64/libmanagement.so
7f05acf6a000-7f05acf6b000 ---p 00000000 00:00 0 
7f05acf6b000-7f05ad06b000 rw-p 00000000 00:00 0                          [stack:4560]
7f05ad06b000-7f05ad06e000 ---p 00000000 00:00 0 
7f05ad06e000-7f05ad16c000 rw-p 00000000 00:00 0                          [stack:4559]
7f05ad16c000-7f05ad16f000 ---p 00000000 00:00 0 
7f05ad16f000-7f05ad26d000 rw-p 00000000 00:00 0                          [stack:4558]
7f05ad26d000-7f05ad270000 ---p 00000000 00:00 0 
7f05ad270000-7f05ad36e000 rw-p 00000000 00:00 0                          [stack:4557]
7f05ad36e000-7f05ad373000 r-xp 00000000 08:03 2499200                    /usr/lib/x86_64-linux-gnu/libXdmcp.so.6.0.0
7f05ad373000-7f05ad572000 ---p 00005000 08:03 2499200                    /usr/lib/x86_64-linux-gnu/libXdmcp.so.6.0.0
7f05ad572000-7f05ad573000 r--p 00004000 08:03 2499200                    /usr/lib/x86_64-linux-gnu/libXdmcp.so.6.0.0
7f05ad573000-7f05ad574000 rw-p 00005000 08:03 2499200                    /usr/lib/x86_64-linux-gnu/libXdmcp.so.6.0.0
7f05ad574000-7f05ad576000 r-xp 00000000 08:03 2499189                    /usr/lib/x86_64-linux-gnu/libXau.so.6.0.0
7f05ad576000-7f05ad776000 ---p 00002000 08:03 2499189                    /usr/lib/x86_64-linux-gnu/libXau.so.6.0.0
7f05ad776000-7f05ad777000 r--p 00002000 08:03 2499189                    /usr/lib/x86_64-linux-gnu/libXau.so.6.0.0
7f05ad777000-7f05ad778000 rw-p 00003000 08:03 2499189                    /usr/lib/x86_64-linux-gnu/libXau.so.6.0.0
7f05ad778000-7f05ad795000 r-xp 00000000 08:03 2500387                    /usr/lib/x86_64-linux-gnu/libxcb.so.1.1.0
7f05ad795000-7f05ad995000 ---p 0001d000 08:03 2500387                    /usr/lib/x86_64-linux-gnu/libxcb.so.1.1.0
7f05ad995000-7f05ad996000 r--p 0001d000 08:03 2500387                    /usr/lib/x86_64-linux-gnu/libxcb.so.1.1.0
7f05ad996000-7f05ad997000 rw-p 0001e000 08:03 2500387                    /usr/lib/x86_64-linux-gnu/libxcb.so.1.1.0
7f05ad997000-7f05adaca000 r-xp 00000000 08:03 2499185                    /usr/lib/x86_64-linux-gnu/libX11.so.6.3.0
7f05adaca000-7f05adcca000 ---p 00133000 08:03 2499185                    /usr/lib/x86_64-linux-gnu/libX11.so.6.3.0
7f05adcca000-7f05adccb000 r--p 00133000 08:03 2499185                    /usr/lib/x86_64-linux-gnu/libX11.so.6.3.0
7f05adccb000-7f05adccf000 rw-p 00134000 08:03 2499185                    /usr/lib/x86_64-linux-gnu/libX11.so.6.3.0
7f05adccf000-7f05b0000000 rw-p 00000000 00:00 0 
7f05b0000000-7f05b0021000 rw-p 00000000 00:00 0 
7f05b0021000-7f05b4000000 ---p 00000000 00:00 0 
7f05b4057000-7f05b4059000 rw-p 00000000 00:00 0 
7f05b4059000-7f05b405e000 r--s 0004d000 08:03 2759046                    /usr/lib/jvm/java-7-openjdk-amd64/jre/lib/jsse.jar
7f05b405e000-7f05b4060000 r--s 00006000 08:03 2888635                    /usr/share/java/jayatana.jar
7f05b4060000-7f05b4062000 r-xp 00000000 08:03 2495902                    /usr/lib/jayatana/libjayatanaag.so
7f05b4062000-7f05b4261000 ---p 00002000 08:03 2495902                    /usr/lib/jayatana/libjayatanaag.so
7f05b4261000-7f05b4262000 r--p 00001000 08:03 2495902                    /usr/lib/jayatana/libjayatanaag.so
7f05b4262000-7f05b4263000 rw-p 00002000 08:03 2495902                    /usr/lib/jayatana/libjayatanaag.so
7f05b4263000-7f05b4264000 r--s 00000000 08:03 2888636                    /usr/share/java/jayatanaag.jar
7f05b4264000-7f05b4268000 r--s 0001a000 08:03 3953215                    /home/nishant/Software/neo4j-community-2.2.1/lib/server-api-2.2.1.jar
7f05b4268000-7f05b42da000 r--s 0065b000 08:03 3953204                    /home/nishant/Software/neo4j-community-2.2.1/lib/scala-library-2.10.5.jar
7f05b42da000-7f05b42df000 r--s 00035000 08:03 3953209                    /home/nishant/Software/neo4j-community-2.2.1/lib/parboiled-scala_2.10-1.1.7.jar
7f05b42df000-7f05b42e4000 r--s 00029000 08:03 3953210                    /home/nishant/Software/neo4j-community-2.2.1/lib/parboiled-core-1.1.7.jar
7f05b42e4000-7f05b42e5000 r--s 00004000 08:03 3954750                    /home/nishant/Software/neo4j-community-2.2.1/lib/opencsv-2.3.jar
7f05b42e5000-7f05b42e6000 r--s 00002000 08:03 3953191                    /home/nishant/Software/neo4j-community-2.2.1/lib/neo4j-unsafe-2.2.1.jar
7f05b42e6000-7f05b42e8000 r--s 00008000 08:03 3953197                    /home/nishant/Software/neo4j-community-2.2.1/lib/neo4j-udc-2.2.1.jar
7f05b42e8000-7f05b42ed000 r--s 0003e000 08:03 3953216                    /home/nishant/Software/neo4j-community-2.2.1/lib/neo4j-shell-2.2.1.jar
7f05b42ed000-7f05b42ef000 r--s 00015000 08:03 3953217                    /home/nishant/Software/neo4j-community-2.2.1/lib/org.apache.servicemix.bundles.jline-0.9.94_1.jar
7f05b42ef000-7f05b4338000 r--s 002d3000 08:03 3953187                    /home/nishant/Software/neo4j-community-2.2.1/lib/neo4j-kernel-2.2.1.jar
7f05b4338000-7f05b4408000 r--s 008f8000 08:03 3953208                    /home/nishant/Software/neo4j-community-2.2.1/lib/neo4j-cypher-compiler-2.2-2.2.1.jar
7f05b4408000-7f05b44a8000 r--s 006df000 08:03 3953207                    /home/nishant/Software/neo4j-community-2.2.1/lib/neo4j-cypher-compiler-2.1-2.1.7.jar
7f05b44a8000-7f05b451a000 r--s 004c5000 08:03 3953206                    /home/nishant/Software/neo4j-community-2.2.1/lib/neo4j-cypher-compiler-2.0-2.0.4.jar
7f05b451a000-7f05b451d000 ---p 00000000 00:00 0 
7f05b451d000-7f05b461b000 rw-p 00000000 00:00 0                          [stack:4554]
7f05b461b000-7f05b4cfd000 r--p 00000000 08:03 2498136                    /usr/lib/locale/locale-archive
7f05b4cfd000-7f05b4d00000 ---p 00000000 00:00 0 
7f05b4d00000-7f05b4dfe000 rw-p 00000000 00:00 0                          [stack:4553]
7f05b4dfe000-7f05b4e01000 ---p 00000000 00:00 0 
7f05b4e01000-7f05b4eff000 rw-p 00000000 00:00 0                          [stack:4552]
7f05b4eff000-7f05b4f00000 ---p 00000000 00:00 0 
7f05b4f00000-7f05b5000000 rw-p 00000000 00:00 0                          [stack:4551]
7f05b5000000-7f05b5270000 rwxp 00000000 00:00 0 
7f05b5270000-7f05b8bfb000 rw-p 00000000 00:00 0 
7f05b8bfb000-7f05bc000000 ---p 00000000 00:00 0 
7f05bc000000-7f05bc006000 r--s 00028000 08:03 3953188                    /home/nishant/Software/neo4j-community-2.2.1/lib/neo4j-primitive-collections-2.2.1.jar
7f05bc006000-7f05bc00c000 r--s 00035000 08:03 3953194                    /home/nishant/Software/neo4j-community-2.2.1/lib/neo4j-lucene-index-2.2.1.jar
7f05bc00c000-7f05bc00e000 r--s 0000a000 08:03 3953213                    /home/nishant/Software/neo4j-community-2.2.1/lib/neo4j-jmx-2.2.1.jar
7f05bc00e000-7f05bc011000 r--s 00017000 08:03 3953192                    /home/nishant/Software/neo4j-community-2.2.1/lib/neo4j-io-2.2.1.jar
7f05bc011000-7f05bc013000 r--s 00008000 08:03 3953218                    /home/nishant/Software/neo4j-community-2.2.1/lib/neo4j-import-tool-2.2.1.jar
7f05bc013000-7f05bc015000 r--s 0000b000 08:03 3953198                    /home/nishant/Software/neo4j-community-2.2.1/lib/neo4j-graph-matching-2.2.1.jar
7f05bc015000-7f05bc019000 r--s 00024000 08:03 3953196                    /home/nishant/Software/neo4j-community-2.2.1/lib/neo4j-graph-algo-2.2.1.jar
7f05bc019000-7f05bc05e000 r--s 002a1000 08:03 3953205                    /home/nishant/Software/neo4j-community-2.2.1/lib/neo4j-cypher-compiler-1.9-2.0.4.jar
7f05bc05e000-7f05bc06b000 r--s 0008f000 08:03 3953203                    /home/nishant/Software/neo4j-community-2.2.1/lib/neo4j-cypher-2.2.1.jar
7f05bc06b000-7f05bc06d000 r--s 0000e000 08:03 3953193                    /home/nishant/Software/neo4j-community-2.2.1/lib/neo4j-csv-2.2.1.jar
7f05bc06d000-7f05bc075000 r--s 00049000 08:03 3953214                    /home/nishant/Software/neo4j-community-2.2.1/lib/neo4j-consistency-check-2.2.1.jar
7f05bc075000-7f05bc07a000 r--s 00046000 08:03 3954749                    /home/nishant/Software/neo4j-community-2.2.1/lib/mapdb-0.9.3.jar
7f05bc07a000-7f05bc093000 r--s 0015f000 08:03 3953195                    /home/nishant/Software/neo4j-community-2.2.1/lib/lucene-core-3.6.2.jar
7f05bc093000-7f05bc096000 r--s 00016000 08:03 3939566                    /home/nishant/Software/neo4j-community-2.2.1/lib/import-tools-2.2.jar
7f05bc096000-7f05bc097000 r--s 00004000 08:03 3939560                    /home/nishant/Software/neo4j-community-2.2.1/lib/geoff-0.5.0.jar
7f05bc097000-7f05bc09b000 r--s 00019000 08:03 3953212                    /home/nishant/Software/neo4j-community-2.2.1/lib/concurrentlinkedhashmap-lru-1.4.jar
7f05bc09b000-7f05bc0a2000 r--s 00044000 08:03 4869024                    /home/nishant/git/EmailNeo4j/libs/apache-mime4j-dom-0.7.2.jar
7f05bc0a2000-7f05bc0a9000 r--s 00075000 08:03 4868963                    /home/nishant/git/EmailNeo4j/libs/mail.jar
7f05bc0a9000-7f05bd001000 rw-p 00000000 00:00 0 
7f05bd001000-7f05bd1b2000 r--s 01d27000 08:03 2759028                    /usr/lib/jvm/java-7-openjdk-amd64/jre/lib/rt.jar
7f05bd1b2000-7f05bd4b6000 rw-p 00000000 00:00 0 
7f05bd4b6000-7f05bd4b7000 ---p 00000000 00:00 0 
7f05bd4b7000-7f05bd5b7000 rw-p 00000000 00:00 0                          [stack:4550]
7f05bd5b7000-7f05bd5b8000 ---p 00000000 00:00 0 
7f05bd5b8000-7f05bd6b8000 rw-p 00000000 00:00 0                          [stack:4549]
7f05bd6b8000-7f05bd6b9000 ---p 00000000 00:00 0 
7f05bd6b9000-7f05bd7b9000 rw-p 00000000 00:00 0                          [stack:4548]
7f05bd7b9000-7f05bd7ba000 ---p 00000000 00:00 0 
7f05bd7ba000-7f05bd8c5000 rw-p 00000000 00:00 0                          [stack:4547]
7f05bd8c5000-7f05bd90d000 rw-p 00000000 00:00 0 
7f05bd90d000-7f05bd921000 rw-p 00000000 00:00 0 
7f05bd921000-7f05bda4d000 rw-p 00000000 00:00 0 
7f05bda4d000-7f05bda58000 rw-p 00000000 00:00 0 
7f05bda58000-7f05bdaa0000 rw-p 00000000 00:00 0 
7f05bdaa0000-7f05bdab4000 rw-p 00000000 00:00 0 
7f05bdab4000-7f05bdbe0000 rw-p 00000000 00:00 0 
7f05bdbe0000-7f05bdc0c000 rw-p 00000000 00:00 0 
7f05bdc0c000-7f05bdc0d000 ---p 00000000 00:00 0 
7f05bdc0d000-7f05bdc80000 rw-p 00000000 00:00 0 
7f05bdc80000-7f05bdc81000 rw-p 00000000 00:00 0 
7f05bdc81000-7f05bdc89000 r-xp 00000000 08:03 2759072                    /usr/lib/jvm/java-7-openjdk-amd64/jre/lib/amd64/libzip.so
7f05bdc89000-7f05bde88000 ---p 00008000 08:03 2759072                    /usr/lib/jvm/java-7-openjdk-amd64/jre/lib/amd64/libzip.so
7f05bde88000-7f05bde89000 r--p 00007000 08:03 2759072                    /usr/lib/jvm/java-7-openjdk-amd64/jre/lib/amd64/libzip.so
7f05bde89000-7f05bde8a000 rw-p 00008000 08:03 2759072                    /usr/lib/jvm/java-7-openjdk-amd64/jre/lib/amd64/libzip.so
7f05bde8a000-7f05bde96000 r-xp 00000000 08:03 2101653                    /lib/x86_64-linux-gnu/libnss_files-2.21.so
7f05bde96000-7f05be095000 ---p 0000c000 08:03 2101653                    /lib/x86_64-linux-gnu/libnss_files-2.21.so
7f05be095000-7f05be096000 r--p 0000b000 08:03 2101653                    /lib/x86_64-linux-gnu/libnss_files-2.21.so
7f05be096000-7f05be097000 rw-p 0000c000 08:03 2101653                    /lib/x86_64-linux-gnu/libnss_files-2.21.so
7f05be097000-7f05be0a2000 r-xp 00000000 08:03 2101663                    /lib/x86_64-linux-gnu/libnss_nis-2.21.so
7f05be0a2000-7f05be2a1000 ---p 0000b000 08:03 2101663                    /lib/x86_64-linux-gnu/libnss_nis-2.21.so
7f05be2a1000-7f05be2a2000 r--p 0000a000 08:03 2101663                    /lib/x86_64-linux-gnu/libnss_nis-2.21.so
7f05be2a2000-7f05be2a3000 rw-p 0000b000 08:03 2101663                    /lib/x86_64-linux-gnu/libnss_nis-2.21.so
7f05be2a3000-7f05be2ba000 r-xp 00000000 08:03 2101647                    /lib/x86_64-linux-gnu/libnsl-2.21.so
7f05be2ba000-7f05be4b9000 ---p 00017000 08:03 2101647                    /lib/x86_64-linux-gnu/libnsl-2.21.so
7f05be4b9000-7f05be4ba000 r--p 00016000 08:03 2101647                    /lib/x86_64-linux-gnu/libnsl-2.21.so
7f05be4ba000-7f05be4bb000 rw-p 00017000 08:03 2101647                    /lib/x86_64-linux-gnu/libnsl-2.21.so
7f05be4bb000-7f05be4bd000 rw-p 00000000 00:00 0 
7f05be4bd000-7f05be4c5000 r-xp 00000000 08:03 2101649                    /lib/x86_64-linux-gnu/libnss_compat-2.21.so
7f05be4c5000-7f05be6c4000 ---p 00008000 08:03 2101649                    /lib/x86_64-linux-gnu/libnss_compat-2.21.so
7f05be6c4000-7f05be6c5000 r--p 00007000 08:03 2101649                    /lib/x86_64-linux-gnu/libnss_compat-2.21.so
7f05be6c5000-7f05be6c6000 rw-p 00008000 08:03 2101649                    /lib/x86_64-linux-gnu/libnss_compat-2.21.so
7f05be6c6000-7f05be6d0000 r-xp 00000000 08:03 2759055                    /usr/lib/jvm/java-7-openjdk-amd64/jre/lib/amd64/libinstrument.so
7f05be6d0000-7f05be8cf000 ---p 0000a000 08:03 2759055                    /usr/lib/jvm/java-7-openjdk-amd64/jre/lib/amd64/libinstrument.so
7f05be8cf000-7f05be8d0000 r--p 00009000 08:03 2759055                    /usr/lib/jvm/java-7-openjdk-amd64/jre/lib/amd64/libinstrument.so
7f05be8d0000-7f05be8d1000 rw-p 0000a000 08:03 2759055                    /usr/lib/jvm/java-7-openjdk-amd64/jre/lib/amd64/libinstrument.so
7f05be8d1000-7f05be8fe000 r-xp 00000000 08:03 2759083                    /usr/lib/jvm/java-7-openjdk-amd64/jre/lib/amd64/libjava.so
7f05be8fe000-7f05beafd000 ---p 0002d000 08:03 2759083                    /usr/lib/jvm/java-7-openjdk-amd64/jre/lib/amd64/libjava.so
7f05beafd000-7f05beafe000 r--p 0002c000 08:03 2759083                    /usr/lib/jvm/java-7-openjdk-amd64/jre/lib/amd64/libjava.so
7f05beafe000-7f05beb00000 rw-p 0002d000 08:03 2759083                    /usr/lib/jvm/java-7-openjdk-amd64/jre/lib/amd64/libjava.so
7f05beb00000-7f05beb0f000 r-xp 00000000 08:03 2759075                    /usr/lib/jvm/java-7-openjdk-amd64/jre/lib/amd64/libverify.so
7f05beb0f000-7f05bed0e000 ---p 0000f000 08:03 2759075                    /usr/lib/jvm/java-7-openjdk-amd64/jre/lib/amd64/libverify.so
7f05bed0e000-7f05bed11000 r--p 0000e000 08:03 2759075                    /usr/lib/jvm/java-7-openjdk-amd64/jre/lib/amd64/libverify.so
7f05bed11000-7f05bed12000 rw-p 00011000 08:03 2759075                    /usr/lib/jvm/java-7-openjdk-amd64/jre/lib/amd64/libverify.so
7f05bed12000-7f05bed19000 r-xp 00000000 08:03 2101708                    /lib/x86_64-linux-gnu/librt-2.21.so
7f05bed19000-7f05bef18000 ---p 00007000 08:03 2101708                    /lib/x86_64-linux-gnu/librt-2.21.so
7f05bef18000-7f05bef19000 r--p 00006000 08:03 2101708                    /lib/x86_64-linux-gnu/librt-2.21.so
7f05bef19000-7f05bef1a000 rw-p 00007000 08:03 2101708                    /lib/x86_64-linux-gnu/librt-2.21.so
7f05bef1a000-7f05bef30000 r-xp 00000000 08:03 2101596                    /lib/x86_64-linux-gnu/libgcc_s.so.1
7f05bef30000-7f05bf12f000 ---p 00016000 08:03 2101596                    /lib/x86_64-linux-gnu/libgcc_s.so.1
7f05bf12f000-7f05bf130000 rw-p 00015000 08:03 2101596                    /lib/x86_64-linux-gnu/libgcc_s.so.1
7f05bf130000-7f05bf237000 r-xp 00000000 08:03 2101626                    /lib/x86_64-linux-gnu/libm-2.21.so
7f05bf237000-7f05bf436000 ---p 00107000 08:03 2101626                    /lib/x86_64-linux-gnu/libm-2.21.so
7f05bf436000-7f05bf437000 r--p 00106000 08:03 2101626                    /lib/x86_64-linux-gnu/libm-2.21.so
7f05bf437000-7f05bf438000 rw-p 00107000 08:03 2101626                    /lib/x86_64-linux-gnu/libm-2.21.so
7f05bf438000-7f05bf528000 r-xp 00000000 08:03 2500181                    /usr/lib/x86_64-linux-gnu/libstdc++.so.6.0.20
7f05bf528000-7f05bf728000 ---p 000f0000 08:03 2500181                    /usr/lib/x86_64-linux-gnu/libstdc++.so.6.0.20
7f05bf728000-7f05bf730000 r--p 000f0000 08:03 2500181                    /usr/lib/x86_64-linux-gnu/libstdc++.so.6.0.20
7f05bf730000-7f05bf732000 rw-p 000f8000 08:03 2500181                    /usr/lib/x86_64-linux-gnu/libstdc++.so.6.0.20
7f05bf732000-7f05bf747000 rw-p 00000000 00:00 0 
7f05bf747000-7f05c029e000 r-xp 00000000 08:03 2759060                    /usr/lib/jvm/java-7-openjdk-amd64/jre/lib/amd64/server/libjvm.so
7f05c029e000-7f05c049d000 ---p 00b57000 08:03 2759060                    /usr/lib/jvm/java-7-openjdk-amd64/jre/lib/amd64/server/libjvm.so
7f05c049d000-7f05c053c000 r--p 00b56000 08:03 2759060                    /usr/lib/jvm/java-7-openjdk-amd64/jre/lib/amd64/server/libjvm.so
7f05c053c000-7f05c055f000 rw-p 00bf5000 08:03 2759060                    /usr/lib/jvm/java-7-openjdk-amd64/jre/lib/amd64/server/libjvm.so
7f05c055f000-7f05c058c000 rw-p 00000000 00:00 0 
7f05c058c000-7f05c05a5000 r-xp 00000000 08:03 2101741                    /lib/x86_64-linux-gnu/libz.so.1.2.8
7f05c05a5000-7f05c07a5000 ---p 00019000 08:03 2101741                    /lib/x86_64-linux-gnu/libz.so.1.2.8
7f05c07a5000-7f05c07a6000 r--p 00019000 08:03 2101741                    /lib/x86_64-linux-gnu/libz.so.1.2.8
7f05c07a6000-7f05c07a7000 rw-p 0001a000 08:03 2101741                    /lib/x86_64-linux-gnu/libz.so.1.2.8
7f05c07a7000-7f05c07bf000 r-xp 00000000 08:03 2101700                    /lib/x86_64-linux-gnu/libpthread-2.21.so
7f05c07bf000-7f05c09bf000 ---p 00018000 08:03 2101700                    /lib/x86_64-linux-gnu/libpthread-2.21.so
7f05c09bf000-7f05c09c0000 r--p 00018000 08:03 2101700                    /lib/x86_64-linux-gnu/libpthread-2.21.so
7f05c09c0000-7f05c09c1000 rw-p 00019000 08:03 2101700                    /lib/x86_64-linux-gnu/libpthread-2.21.so
7f05c09c1000-7f05c09c5000 rw-p 00000000 00:00 0 
7f05c09c5000-7f05c09c8000 r-xp 00000000 08:03 2101584                    /lib/x86_64-linux-gnu/libdl-2.21.so
7f05c09c8000-7f05c0bc7000 ---p 00003000 08:03 2101584                    /lib/x86_64-linux-gnu/libdl-2.21.so
7f05c0bc7000-7f05c0bc8000 r--p 00002000 08:03 2101584                    /lib/x86_64-linux-gnu/libdl-2.21.so
7f05c0bc8000-7f05c0bc9000 rw-p 00003000 08:03 2101584                    /lib/x86_64-linux-gnu/libdl-2.21.so
7f05c0bc9000-7f05c0d89000 r-xp 00000000 08:03 2101567                    /lib/x86_64-linux-gnu/libc-2.21.so
7f05c0d89000-7f05c0f89000 ---p 001c0000 08:03 2101567                    /lib/x86_64-linux-gnu/libc-2.21.so
7f05c0f89000-7f05c0f8d000 r--p 001c0000 08:03 2101567                    /lib/x86_64-linux-gnu/libc-2.21.so
7f05c0f8d000-7f05c0f8f000 rw-p 001c4000 08:03 2101567                    /lib/x86_64-linux-gnu/libc-2.21.so
7f05c0f8f000-7f05c0f93000 rw-p 00000000 00:00 0 
7f05c0f93000-7f05c0fa0000 r-xp 00000000 08:03 2759080                    /usr/lib/jvm/java-7-openjdk-amd64/jre/lib/amd64/jli/libjli.so
7f05c0fa0000-7f05c119f000 ---p 0000d000 08:03 2759080                    /usr/lib/jvm/java-7-openjdk-amd64/jre/lib/amd64/jli/libjli.so
7f05c119f000-7f05c11a0000 r--p 0000c000 08:03 2759080                    /usr/lib/jvm/java-7-openjdk-amd64/jre/lib/amd64/jli/libjli.so
7f05c11a0000-7f05c11a1000 rw-p 0000d000 08:03 2759080                    /usr/lib/jvm/java-7-openjdk-amd64/jre/lib/amd64/jli/libjli.so
7f05c11a1000-7f05c11c5000 r-xp 00000000 08:03 2101539                    /lib/x86_64-linux-gnu/ld-2.21.so
7f05c11c5000-7f05c11c8000 r--s 00015000 08:03 4869023                    /home/nishant/git/EmailNeo4j/libs/apache-mime4j-core-0.7.2.jar
7f05c11c8000-7f05c11cb000 r--s 0000f000 08:03 2759097                    /usr/lib/jvm/java-7-openjdk-amd64/jre/lib/ext/icedtea-sound.jar
7f05c11cb000-7f05c11cd000 r--s 00012000 08:03 2759098                    /usr/lib/jvm/java-7-openjdk-amd64/jre/lib/ext/zipfs.jar
7f05c11cd000-7f05c11d0000 r--s 00086000 08:03 2759102                    /usr/lib/jvm/java-7-openjdk-amd64/jre/lib/ext/localedata.jar
7f05c11d0000-7f05c11d1000 r--s 00006000 08:03 2760748                    /usr/lib/jvm/java-7-openjdk-amd64/jre/lib/ext/comm.jar
7f05c11d1000-7f05c11d3000 r--s 00006000 08:03 2890384                    /usr/share/java/java-atk-wrapper.jar
7f05c11d3000-7f05c11d7000 r--s 0003c000 08:03 2759100                    /usr/lib/jvm/java-7-openjdk-amd64/jre/lib/ext/sunpkcs11.jar
7f05c11d7000-7f05c11db000 r--s 00034000 08:03 2759099                    /usr/lib/jvm/java-7-openjdk-amd64/jre/lib/ext/sunjce_provider.jar
7f05c11db000-7f05c11dc000 r--s 00002000 08:03 2759101                    /usr/lib/jvm/java-7-openjdk-amd64/jre/lib/ext/dnsns.jar
7f05c11dc000-7f05c11e6000 rw-p 00000000 00:00 0 
7f05c11e6000-7f05c129c000 rw-p 00000000 00:00 0 
7f05c129c000-7f05c129f000 ---p 00000000 00:00 0 
7f05c129f000-7f05c13b8000 rw-p 00000000 00:00 0                          [stack:4546]
7f05c13b8000-7f05c13c0000 rw-s 00000000 08:03 131180                     /tmp/hsperfdata_nishant/4539
7f05c13c0000-7f05c13c1000 rw-p 00000000 00:00 0 
7f05c13c1000-7f05c13c2000 r--p 00000000 00:00 0 
7f05c13c2000-7f05c13c4000 rw-p 00000000 00:00 0 
7f05c13c4000-7f05c13c5000 r--p 00023000 08:03 2101539                    /lib/x86_64-linux-gnu/ld-2.21.so
7f05c13c5000-7f05c13c6000 rw-p 00024000 08:03 2101539                    /lib/x86_64-linux-gnu/ld-2.21.so
7f05c13c6000-7f05c13c7000 rw-p 00000000 00:00 0 
7ffedffc3000-7ffedffe5000 rw-p 00000000 00:00 0                          [stack]
7ffedffeb000-7ffedffed000 r--p 00000000 00:00 0                          [vvar]
7ffedffed000-7ffedffef000 r-xp 00000000 00:00 0                          [vdso]
ffffffffff600000-ffffffffff601000 r-xp 00000000 00:00 0                  [vsyscall]

VM Arguments:
jvm_args: -javaagent:/usr/share/java/jayatanaag.jar -Dfile.encoding=UTF-8 
java_command: serendio.application.ApplicationRunner
Launcher Type: SUN_STANDARD

Environment Variables:
JAVA_TOOL_OPTIONS=-javaagent:/usr/share/java/jayatanaag.jar 
PATH=/usr/local/sbin:/usr/local/bin:/usr/sbin:/usr/bin:/sbin:/bin:/usr/games:/usr/local/games
SHELL=/bin/bash
DISPLAY=:0

Signal Handlers:
SIGSEGV: [libjvm.so+0x98abe0], sa_mask[0]=0x7ffbfeff, sa_flags=0x10000004
SIGBUS: [libjvm.so+0x98abe0], sa_mask[0]=0x7ffbfeff, sa_flags=0x10000004
SIGFPE: [libjvm.so+0x7f8a60], sa_mask[0]=0x7ffbfeff, sa_flags=0x10000004
SIGPIPE: [libjvm.so+0x7f8a60], sa_mask[0]=0x7ffbfeff, sa_flags=0x10000004
SIGXFSZ: [libjvm.so+0x7f8a60], sa_mask[0]=0x7ffbfeff, sa_flags=0x10000004
SIGILL: [libjvm.so+0x7f8a60], sa_mask[0]=0x7ffbfeff, sa_flags=0x10000004
SIGUSR1: SIG_DFL, sa_mask[0]=0x00000000, sa_flags=0x00000000
SIGUSR2: [libjvm.so+0x7f88e0], sa_mask[0]=0x00000004, sa_flags=0x10000004
SIGHUP: [libjvm.so+0x7f8ae0], sa_mask[0]=0x7ffbfeff, sa_flags=0x10000004
SIGINT: [libjvm.so+0x7f8ae0], sa_mask[0]=0x7ffbfeff, sa_flags=0x10000004
SIGTERM: [libjvm.so+0x7f8ae0], sa_mask[0]=0x7ffbfeff, sa_flags=0x10000004
SIGQUIT: [libjvm.so+0x7f8ae0], sa_mask[0]=0x7ffbfeff, sa_flags=0x10000004
SIGTRAP: SIG_DFL, sa_mask[0]=0x00000000, sa_flags=0x00000000


---------------  S Y S T E M  ---------------

OS:Ubuntu 15.04 (vivid)
uname:Linux 3.19.0-21-generic #21-Ubuntu SMP Sun Jun 14 18:31:11 UTC 2015 x86_64
libc:glibc 2.21 NPTL 2.21 
rlimit: STACK 8192k, CORE 0k, NPROC 15255, NOFILE 65536, AS infinity
load average:6.02 2.67 1.42

/proc/meminfo:
MemTotal:        3927784 kB
MemFree:          102688 kB
MemAvailable:     125804 kB
Buffers:            7080 kB
Cached:           503020 kB
SwapCached:            0 kB
Active:          3259620 kB
Inactive:         412164 kB
Active(anon):    3214648 kB
Inactive(anon):   279700 kB
Active(file):      44972 kB
Inactive(file):   132464 kB
Unevictable:           0 kB
Mlocked:               0 kB
SwapTotal:             0 kB
SwapFree:              0 kB
Dirty:              1132 kB
Writeback:             0 kB
AnonPages:       3161924 kB
Mapped:           219084 kB
Shmem:            332452 kB
Slab:              62532 kB
SReclaimable:      29228 kB
SUnreclaim:        33304 kB
KernelStack:       12144 kB
PageTables:        39720 kB
NFS_Unstable:          0 kB
Bounce:                0 kB
WritebackTmp:          0 kB
CommitLimit:     1963892 kB
Committed_AS:    7417984 kB
VmallocTotal:   34359738367 kB
VmallocUsed:      348164 kB
VmallocChunk:   34359361500 kB
HardwareCorrupted:     0 kB
AnonHugePages:   1441792 kB
CmaTotal:              0 kB
CmaFree:               0 kB
HugePages_Total:       0
HugePages_Free:        0
HugePages_Rsvd:        0
HugePages_Surp:        0
Hugepagesize:       2048 kB
DirectMap4k:      116756 kB
DirectMap2M:     3958784 kB


CPU:total 4 (2 cores per cpu, 2 threads per core) family 6 model 42 stepping 7, cmov, cx8, fxsr, mmx, sse, sse2, sse3, ssse3, sse4.1, sse4.2, popcnt, avx, ht, tsc, tscinvbit

/proc/cpuinfo:
processor	: 0
vendor_id	: GenuineIntel
cpu family	: 6
model		: 42
model name	: Intel(R) Core(TM) i3-2350M CPU @ 2.30GHz
stepping	: 7
microcode	: 0x28
cpu MHz		: 1233.464
cache size	: 3072 KB
physical id	: 0
siblings	: 4
core id		: 0
cpu cores	: 2
apicid		: 0
initial apicid	: 0
fpu		: yes
fpu_exception	: yes
cpuid level	: 13
wp		: yes
flags		: fpu vme de pse tsc msr pae mce cx8 apic sep mtrr pge mca cmov pat pse36 clflush dts acpi mmx fxsr sse sse2 ss ht tm pbe syscall nx rdtscp lm constant_tsc arch_perfmon pebs bts rep_good nopl xtopology nonstop_tsc aperfmperf eagerfpu pni pclmulqdq dtes64 monitor ds_cpl vmx est tm2 ssse3 cx16 xtpr pdcm pcid sse4_1 sse4_2 x2apic popcnt tsc_deadline_timer xsave avx lahf_lm arat epb pln pts dtherm tpr_shadow vnmi flexpriority ept vpid xsaveopt
bugs		:
bogomips	: 4589.39
clflush size	: 64
cache_alignment	: 64
address sizes	: 36 bits physical, 48 bits virtual
power management:

processor	: 1
vendor_id	: GenuineIntel
cpu family	: 6
model		: 42
model name	: Intel(R) Core(TM) i3-2350M CPU @ 2.30GHz
stepping	: 7
microcode	: 0x28
cpu MHz		: 1302.554
cache size	: 3072 KB
physical id	: 0
siblings	: 4
core id		: 1
cpu cores	: 2
apicid		: 2
initial apicid	: 2
fpu		: yes
fpu_exception	: yes
cpuid level	: 13
wp		: yes
flags		: fpu vme de pse tsc msr pae mce cx8 apic sep mtrr pge mca cmov pat pse36 clflush dts acpi mmx fxsr sse sse2 ss ht tm pbe syscall nx rdtscp lm constant_tsc arch_perfmon pebs bts rep_good nopl xtopology nonstop_tsc aperfmperf eagerfpu pni pclmulqdq dtes64 monitor ds_cpl vmx est tm2 ssse3 cx16 xtpr pdcm pcid sse4_1 sse4_2 x2apic popcnt tsc_deadline_timer xsave avx lahf_lm arat epb pln pts dtherm tpr_shadow vnmi flexpriority ept vpid xsaveopt
bugs		:
bogomips	: 4589.39
clflush size	: 64
cache_alignment	: 64
address sizes	: 36 bits physical, 48 bits virtual
power management:

processor	: 2
vendor_id	: GenuineIntel
cpu family	: 6
model		: 42
model name	: Intel(R) Core(TM) i3-2350M CPU @ 2.30GHz
stepping	: 7
microcode	: 0x28
cpu MHz		: 1487.542
cache size	: 3072 KB
physical id	: 0
siblings	: 4
core id		: 0
cpu cores	: 2
apicid		: 1
initial apicid	: 1
fpu		: yes
fpu_exception	: yes
cpuid level	: 13
wp		: yes
flags		: fpu vme de pse tsc msr pae mce cx8 apic sep mtrr pge mca cmov pat pse36 clflush dts acpi mmx fxsr sse sse2 ss ht tm pbe syscall nx rdtscp lm constant_tsc arch_perfmon pebs bts rep_good nopl xtopology nonstop_tsc aperfmperf eagerfpu pni pclmulqdq dtes64 monitor ds_cpl vmx est tm2 ssse3 cx16 xtpr pdcm pcid sse4_1 sse4_2 x2apic popcnt tsc_deadline_timer xsave avx lahf_lm arat epb pln pts dtherm tpr_shadow vnmi flexpriority ept vpid xsaveopt
bugs		:
bogomips	: 4589.39
clflush size	: 64
cache_alignment	: 64
address sizes	: 36 bits physical, 48 bits virtual
power management:

processor	: 3
vendor_id	: GenuineIntel
cpu family	: 6
model		: 42
model name	: Intel(R) Core(TM) i3-2350M CPU @ 2.30GHz
stepping	: 7
microcode	: 0x28
cpu MHz		: 904.996
cache size	: 3072 KB
physical id	: 0
siblings	: 4
core id		: 1
cpu cores	: 2
apicid		: 3
initial apicid	: 3
fpu		: yes
fpu_exception	: yes
cpuid level	: 13
wp		: yes
flags		: fpu vme de pse tsc msr pae mce cx8 apic sep mtrr pge mca cmov pat pse36 clflush dts acpi mmx fxsr sse sse2 ss ht tm pbe syscall nx rdtscp lm constant_tsc arch_perfmon pebs bts rep_good nopl xtopology nonstop_tsc aperfmperf eagerfpu pni pclmulqdq dtes64 monitor ds_cpl vmx est tm2 ssse3 cx16 xtpr pdcm pcid sse4_1 sse4_2 x2apic popcnt tsc_deadline_timer xsave avx lahf_lm arat epb pln pts dtherm tpr_shadow vnmi flexpriority ept vpid xsaveopt
bugs		:
bogomips	: 4589.39
clflush size	: 64
cache_alignment	: 64
address sizes	: 36 bits physical, 48 bits virtual
power management:



Memory: 4k page, physical 3927784k(102688k free), swap 0k(0k free)

vm_info: OpenJDK 64-Bit Server VM (24.79-b02) for linux-amd64 JRE (1.7.0_79-b14), built on Apr 15 2015 21:06:31 by "buildd" with gcc 4.9.2

time: Mon Jul  6 11:54:47 2015
elapsed time: 99 seconds

